10000 159.80 90.03
11700 178.24 88.79
13688 175.05 91.77
16014 189.60 93.57
18736 190.67 94.06
21921 185.87 97.01
25647 183.04 94.66
30006 189.03 97.18
35107 184.87 100.48
41075 191.69 101.59
48057 185.05 101.83
56226 187.91 105.16
65784 198.89 106.13
76967 197.80 109.06
90051 205.21 111.74
105359 209.50 116.53
123270 222.32 124.12
144225 227.39 131.62
168743 223.51 136.54
197429 234.30 147.87
230991 252.76 154.69
270259 270.63 160.49
316203 282.91 164.76
369957 291.46 161.48
432849 283.74 170.16
506433 284.12 182.08
592526 307.69 178.92
693255 306.11 184.62
811108 319.76 196.54
948996 347.09 208.12
1110325 362.14 225.99
1299080 377.82 266.21
1519923 414.81 288.84
1778309 412.41 275.09
2080621 419.41 289.42
2434326 458.92 303.76
2848161 475.41 328.01
3332348 464.71 323.81
3898847 479.24 327.14
4561651 499.59 346.88
5337131 532.96 375.42
6244443 534.69 431.08
7305998 596.91 462.05
8548017 604.89 457.12
1940472927
