10000 137.80 52.58
11700 146.47 53.17
13688 147.38 53.25
16014 175.84 80.28
18736 182.95 80.62
21921 183.36 81.22
25647 183.84 81.46
30006 184.90 81.89
35107 187.41 82.13
41075 188.17 82.56
48057 199.66 83.02
56226 192.68 83.93
65784 193.03 84.03
76967 196.10 85.85
90051 216.14 89.75
105359 207.93 94.50
123270 223.38 94.17
144225 233.88 101.39
168743 217.51 100.54
197429 226.42 105.10
230991 226.21 108.64
270259 252.62 110.25
316203 287.92 140.90
369957 312.16 139.73
432849 321.47 158.03
506433 324.16 154.03
592526 335.43 163.67
693255 341.91 172.64
811108 358.79 184.24
948996 363.13 187.42
1110325 360.78 183.79
1299080 363.85 181.79
1519923 361.26 201.19
1778309 380.90 202.60
2080621 396.39 210.19
2434326 402.56 214.04
2848161 400.76 229.38
3332348 416.11 233.06
3898847 429.57 244.34
4561651 420.51 244.34
5337131 448.48 251.50
6244443 471.54 317.64
7305998 503.04 319.60
8548017 511.65 333.21
1940472927
