10000 72.40 12.10
11700 77.06 12.29
13688 76.46 12.26
16014 85.98 19.15
18736 90.37 19.24
21921 89.80 19.81
25647 91.52 19.44
30006 90.85 19.49
35107 94.30 19.47
41075 97.02 19.81
48057 94.67 20.21
56226 94.50 19.91
65784 95.31 20.33
76967 100.15 21.37
90051 99.21 21.44
105359 98.51 21.92
123270 105.69 22.45
144225 117.54 23.43
168743 104.74 25.33
197429 134.25 27.80
230991 109.98 24.13
270259 138.84 24.61
316203 140.78 49.47
369957 143.69 39.08
432849 162.41 35.69
506433 170.87 49.58
592526 162.36 53.48
693255 171.98 47.89
811108 195.13 56.46
948996 206.40 56.90
1110325 249.12 79.29
1299080 223.98 65.67
1519923 234.66 76.68
1778309 259.21 74.82
2080621 262.47 76.66
2434326 273.30 76.87
2848161 287.10 86.19
3332348 302.85 90.21
3898847 309.49 93.75
4561651 322.30 96.96
5337131 332.40 94.94
6244443 346.89 117.77
7305998 359.34 116.42
8548017 358.91 119.59
1345890877
