10000 106.50 63.63
11700 107.65 65.22
13688 107.65 66.86
16014 122.53 84.92
18736 124.54 85.70
21921 125.90 86.70
25647 129.09 87.98
30006 128.01 88.77
35107 128.41 90.10
41075 129.86 91.26
48057 130.76 91.55
56226 131.72 93.12
65784 134.02 92.76
76967 135.65 94.43
90051 142.16 98.30
105359 143.00 103.11
123270 147.06 105.05
144225 148.84 110.76
168743 169.18 115.93
197429 160.50 122.65
230991 177.46 124.12
270259 175.49 127.63
316203 183.40 151.06
369957 225.97 155.18
432849 227.44 156.56
506433 209.33 163.85
592526 218.59 163.84
693255 258.21 183.79
811108 253.08 179.25
948996 256.28 198.54
1110325 274.27 199.22
1299080 281.45 209.67
1519923 299.16 221.70
1778309 310.13 233.86
2080621 314.83 239.49
2434326 330.40 259.00
2848161 334.74 264.89
3332348 350.60 279.29
3898847 353.94 295.78
4561651 364.95 300.72
5337131 374.66 312.57
6244443 386.30 330.24
7305998 398.65 342.28
8548017 406.16 346.74
1940472927
