10000 195.70 105.69
11700 234.12 113.66
13688 279.68 120.03
16014 245.92 128.75
18736 260.10 137.93
21921 401.57 149.34
25647 325.01 163.45
30006 352.37 170.79
35107 303.47 193.89
41075 446.38 201.03
48057 457.75 201.65
56226 548.66 230.79
65784 441.51 250.30
76967 482.52 272.32
90051 596.68 305.30
105359 565.13 316.51
123270 684.22 343.69
144225 746.22 389.95
168743 724.41 410.07
197429 793.03 465.64
230991 874.41 489.09
270259 850.29 551.74
316203 943.19 585.94
369957 1008.54 617.24
432849 1073.30 675.57
506433 1116.17 713.01
592526 1158.28 747.14
693255 1229.19 782.31
811108 1237.92 840.32
948996 1310.41 857.14
1110325 1381.74 911.44
1299080 1398.86 950.87
1519923 1508.56 1010.52
1778309 1477.14 1007.26
2080621 1503.57 1071.41
2434326 1537.16 1090.39
2848161 1616.10 1139.90
3332348 1670.34 1215.92
3898847 1845.02 1368.44
4561651 2072.31 1360.67
5337131 1891.77 1384.83
6244443 2002.66 1465.63
7305998 2108.14 1678.77
8548017 2110.02 1627.37
1345890877
